<?xml version="1.0" encoding="UTF-8"?>
<!-- Generated by org.testng.reporters.JUnitReportReporter -->
<testsuite skipped="0" hostname="Samir-HP-PC" name="Ralphs.HomePage" tests="8" failures="0" timestamp="27 Jul 2017 03:00:43 GMT" time="30.952" errors="0">
  <testcase name="storefinder" time="1.549" classname="Ralphs.HomePage"/>
  <testcase name="storefinder1" time="1.612" classname="Ralphs.HomePage"/>
  <testcase name="storefinder1" time="1.603" classname="Ralphs.HomePage"/>
  <testcase name="basePageNavigation" time="4.331" classname="Ralphs.HomePage"/>
  <testcase name="search" time="8.690" classname="Ralphs.HomePage"/>
  <testcase name="basePageNavigation" time="8.047" classname="Ralphs.HomePage"/>
  <testcase name="search" time="3.254" classname="Ralphs.HomePage"/>
  <testcase name="storefinder" time="1.866" classname="Ralphs.HomePage"/>
</testsuite> <!-- Ralphs.HomePage -->
