<?xml version="1.0" encoding="UTF-8"?>
<!-- Generated by org.testng.reporters.JUnitReportReporter -->
<testsuite skipped="0" hostname="Samir-HP-PC" name="Utilities.DownloadFile" tests="1" failures="0" timestamp="13 Aug 2017 06:48:15 GMT" time="12.876" errors="0">
  <testcase name="DownloadFileTest" time="12.876" classname="Utilities.DownloadFile"/>
</testsuite> <!-- Utilities.DownloadFile -->
