<?xml version="1.0" encoding="UTF-8"?>
<!-- Generated by org.testng.reporters.JUnitReportReporter -->
<testsuite skipped="0" hostname="LAPTOP-HHTUTH3A" name="Ralphs.HomePage" tests="2" failures="0" timestamp="22 Jul 2017 02:37:01 GMT" time="11.434" errors="0">
  <testcase name="basePageNavigation" time="4.211" classname="Ralphs.HomePage"/>
  <testcase name="basePageNavigation" time="7.223" classname="Ralphs.HomePage"/>
</testsuite> <!-- Ralphs.HomePage -->
