<?xml version="1.0" encoding="UTF-8"?>
<!-- Generated by org.testng.reporters.JUnitReportReporter -->
<testsuite skipped="0" hostname="LAPTOP-HHTUTH3A" name="Ralphs.HomePage" tests="4" failures="0" timestamp="22 Jul 2017 06:49:01 GMT" time="19.163" errors="0">
  <testcase name="basePageNavigation" time="4.582" classname="Ralphs.HomePage"/>
  <testcase name="basePageNavigation" time="7.266" classname="Ralphs.HomePage"/>
  <testcase name="search" time="3.773" classname="Ralphs.HomePage"/>
  <testcase name="search" time="3.542" classname="Ralphs.HomePage"/>
</testsuite> <!-- Ralphs.HomePage -->
