<?xml version="1.0" encoding="UTF-8"?>
<!-- Generated by org.testng.reporters.JUnitReportReporter -->
<testsuite skipped="0" hostname="Samir-HP-PC" name="Ralphs.ScreenShot" tests="1" failures="0" timestamp="10 Aug 2017 00:43:17 GMT" time="4.625" errors="0">
  <testcase name="CaptureScreenShot" time="4.625" classname="Ralphs.ScreenShot"/>
</testsuite> <!-- Ralphs.ScreenShot -->
