<?xml version="1.0" encoding="UTF-8"?>
<!-- Generated by org.testng.reporters.JUnitReportReporter -->
<testsuite skipped="0" hostname="Samir-HP-PC" name="Ralphs.RecipiePageTest" tests="3" failures="0" timestamp="19 Aug 2017 07:05:51 GMT" time="14.149" errors="0">
  <testcase name="FreshPicks" time="7.563" classname="Ralphs.RecipiePageTest"/>
  <testcase name="ViewAllRecipies" time="3.827" classname="Ralphs.RecipiePageTest"/>
  <testcase name="WorldCusines" time="2.759" classname="Ralphs.RecipiePageTest"/>
</testsuite> <!-- Ralphs.RecipiePageTest -->
