<?xml version="1.0" encoding="UTF-8"?>
<!-- Generated by org.testng.reporters.JUnitReportReporter -->
<testsuite skipped="0" hostname="Samir-HP-PC" name="Ralphs.HomePage" tests="9" failures="0" timestamp="28 Jul 2017 06:25:39 GMT" time="27.447" errors="1">
  <testcase name="search" time="2.609" classname="Ralphs.HomePage"/>
  <testcase name="storefinder1" time="3.566" classname="Ralphs.HomePage"/>
  <testcase name="basePageNavigation" time="4.717" classname="Ralphs.HomePage"/>
  <testcase name="search" time="2.646" classname="Ralphs.HomePage"/>
  <testcase name="storefinder1" time="3.586" classname="Ralphs.HomePage"/>
  <testcase name="basePageNavigation" time="7.081" classname="Ralphs.HomePage"/>
  <testcase name="storefinder" time="1.679" classname="Ralphs.HomePage"/>
  <testcase name="teaddorn" time="0.001" classname="Ralphs.HomePage">
    <error type="java.lang.NullPointerException">
      <![CDATA[java.lang.NullPointerException
	at Ralphs.HomePage.teaddorn(HomePage.java:115)
	at sun.reflect.NativeMethodAccessorImpl.invoke0(Native Method)
	at sun.reflect.NativeMethodAccessorImpl.invoke(NativeMethodAccessorImpl.java:62)
	at sun.reflect.DelegatingMethodAccessorImpl.invoke(DelegatingMethodAccessorImpl.java:43)
	at java.lang.reflect.Method.invoke(Method.java:498)
	at org.testng.internal.MethodInvocationHelper.invokeMethod(MethodInvocationHelper.java:108)
	at org.testng.internal.Invoker.invokeConfigurationMethod(Invoker.java:523)
	at org.testng.internal.Invoker.invokeConfigurations(Invoker.java:224)
	at org.testng.internal.Invoker.invokeConfigurations(Invoker.java:146)
	at org.testng.TestRunner.afterRun(TestRunner.java:958)
	at org.testng.TestRunner.run(TestRunner.java:606)
	at org.testng.SuiteRunner.runTest(SuiteRunner.java:380)
	at org.testng.SuiteRunner.runSequentially(SuiteRunner.java:375)
	at org.testng.SuiteRunner.privateRun(SuiteRunner.java:340)
	at org.testng.SuiteRunner.run(SuiteRunner.java:289)
	at org.testng.SuiteRunnerWorker.runSuite(SuiteRunnerWorker.java:52)
	at org.testng.SuiteRunnerWorker.run(SuiteRunnerWorker.java:86)
	at org.testng.TestNG.runSuitesSequentially(TestNG.java:1301)
	at org.testng.TestNG.runSuitesLocally(TestNG.java:1226)
	at org.testng.TestNG.runSuites(TestNG.java:1144)
	at org.testng.TestNG.run(TestNG.java:1115)
	at org.testng.remote.AbstractRemoteTestNG.run(AbstractRemoteTestNG.java:132)
	at org.testng.remote.RemoteTestNG.initAndRun(RemoteTestNG.java:230)
	at org.testng.remote.RemoteTestNG.main(RemoteTestNG.java:76)
]]>
    </error>
  </testcase> <!-- teaddorn -->
  <testcase name="storefinder" time="1.562" classname="Ralphs.HomePage"/>
</testsuite> <!-- Ralphs.HomePage -->
