<?xml version="1.0" encoding="UTF-8"?>
<!-- Generated by org.testng.reporters.JUnitReportReporter -->
<testsuite skipped="0" hostname="Samir-HP-PC" name="Ralphs.CreateAccountTest" tests="7" failures="0" timestamp="17 Aug 2017 05:58:52 GMT" time="45.424" errors="0">
  <testcase name="YourLocation" time="4.974" classname="Ralphs.CreateAccountTest"/>
  <testcase name="YourLocation" time="6.312" classname="Ralphs.CreateAccountTest"/>
  <testcase name="CreateAccountShoppingList" time="4.528" classname="Ralphs.CreateAccountTest"/>
  <testcase name="TermsAndCondition" time="6.608" classname="Ralphs.CreateAccountTest"/>
  <testcase name="DepartmentMenu1" time="2.648" classname="Ralphs.CreateAccountTest"/>
  <testcase name="DepartmentSubMenu" time="4.361" classname="Ralphs.CreateAccountTest"/>
  <testcase name="CreateAccount" time="15.993" classname="Ralphs.CreateAccountTest"/>
</testsuite> <!-- Ralphs.CreateAccountTest -->
