<?xml version="1.0" encoding="UTF-8"?>
<!-- Generated by org.testng.reporters.JUnitReportReporter -->
<testsuite skipped="0" hostname="Samir-HP-PC" name="Ralphs.HomePage" tests="8" failures="0" timestamp="31 Jul 2017 08:45:19 GMT" time="30.333" errors="0">
  <testcase name="search" time="2.613" classname="Ralphs.HomePage"/>
  <testcase name="storefinder" time="1.557" classname="Ralphs.HomePage"/>
  <testcase name="storefinder" time="2.269" classname="Ralphs.HomePage"/>
  <testcase name="storefinder1" time="3.574" classname="Ralphs.HomePage"/>
  <testcase name="basePageNavigation" time="5.600" classname="Ralphs.HomePage"/>
  <testcase name="basePageNavigation" time="6.553" classname="Ralphs.HomePage"/>
  <testcase name="search" time="3.145" classname="Ralphs.HomePage"/>
  <testcase name="storefinder1" time="5.022" classname="Ralphs.HomePage"/>
</testsuite> <!-- Ralphs.HomePage -->
