<?xml version="1.0" encoding="UTF-8"?>
<!-- Generated by org.testng.reporters.JUnitReportReporter -->
<testsuite skipped="0" hostname="Samir-HP-PC" name="Ralphs.HomePage" tests="8" failures="0" timestamp="19 Aug 2017 06:37:12 GMT" time="28.172" errors="0">
  <testcase name="basePageNavigation" time="8.401" classname="Ralphs.HomePage"/>
  <testcase name="storefinder1" time="3.538" classname="Ralphs.HomePage"/>
  <testcase name="basePageNavigation" time="4.264" classname="Ralphs.HomePage"/>
  <testcase name="search" time="2.676" classname="Ralphs.HomePage"/>
  <testcase name="storefinder" time="1.547" classname="Ralphs.HomePage"/>
  <testcase name="search" time="2.719" classname="Ralphs.HomePage"/>
  <testcase name="storefinder1" time="3.509" classname="Ralphs.HomePage"/>
  <testcase name="storefinder" time="1.518" classname="Ralphs.HomePage"/>
</testsuite> <!-- Ralphs.HomePage -->
