<?xml version="1.0" encoding="UTF-8"?>
<!-- Generated by org.testng.reporters.JUnitReportReporter -->
<testsuite skipped="0" hostname="Samir-HP-PC" name="Ralphs.CreateAccountTest" tests="7" failures="0" timestamp="19 Aug 2017 06:37:12 GMT" time="43.291" errors="0">
  <testcase name="YourLocation" time="4.112" classname="Ralphs.CreateAccountTest"/>
  <testcase name="YourLocation" time="7.061" classname="Ralphs.CreateAccountTest"/>
  <testcase name="CreateAccountShoppingList" time="5.317" classname="Ralphs.CreateAccountTest"/>
  <testcase name="TermsAndCondition" time="3.995" classname="Ralphs.CreateAccountTest"/>
  <testcase name="DepartmentMenu1" time="2.568" classname="Ralphs.CreateAccountTest"/>
  <testcase name="DepartmentSubMenu" time="4.286" classname="Ralphs.CreateAccountTest"/>
  <testcase name="CreateAccount" time="15.952" classname="Ralphs.CreateAccountTest"/>
</testsuite> <!-- Ralphs.CreateAccountTest -->
