<?xml version="1.0" encoding="UTF-8"?>
<!-- Generated by org.testng.reporters.JUnitReportReporter -->
<testsuite skipped="0" hostname="Samir-HP-PC" name="Ralphs.RecipiePageTest" tests="3" failures="0" timestamp="19 Aug 2017 06:37:12 GMT" time="15.187" errors="0">
  <testcase name="ViewAllRecipies" time="4.171" classname="Ralphs.RecipiePageTest"/>
  <testcase name="FreshPicks" time="8.037" classname="Ralphs.RecipiePageTest"/>
  <testcase name="WorldCusines" time="2.979" classname="Ralphs.RecipiePageTest"/>
</testsuite> <!-- Ralphs.RecipiePageTest -->
